1.649090913129118152e-01
-9.191956263418941953e-02
1.896676116156661152e-01
6.658553224777553903e-02
7.123544568961494294e-02
2.691149505757469140e-01
2.972450283012177327e-02
3.264884027098829411e-01
1.440209701966419786e-01
6.302256041355393246e-02
1.376978438747948619e-01
1.935390528260947374e-01
7.089130646784733147e-02
2.019245874157572784e-01
-8.557489464802175982e-02
4.946809666010811291e-01
2.064586148743082494e-01
-7.172007849099482080e-02
4.623542067906959846e-02
1.828161082895431722e-01
4.419956187211841747e-02
3.522292357188239187e-02
-1.727894085120185164e-01
5.324136493552882321e-01
-1.588660434007552191e-01
-2.027212896743992715e-02
5.353443585202807137e-02
4.716532887637869820e-01
1.446295611527908809e-01
-6.730447846457126258e-03
1.480006291360128901e-01
-1.052990738198588960e-01
6.220742208620506225e-02
8.670444561223052127e-02
7.863378784807149857e-02
4.620612494971473166e-02
1.556915385421399622e-01
-1.000709874684785859e-02
1.128053644618264850e-01
-1.970066052035406856e-01
1.260508832121539323e-02
3.521702775063231261e-01
1.475145579260850603e-01
1.374140796846917700e-01
-2.432205846142823646e-01
3.176579438387737153e-01
1.752939465653772788e-01
2.012994441222039632e-01
-2.435937034908572038e-02
5.304196619393217738e-01
-1.005783725499193558e-02
3.130491665360095044e-01
-4.337983920142962635e-01
-2.970638352814988781e-02
1.091454919622538572e-02
2.903250606010876478e-01
1.641449785540504691e-01
-1.206809844992029479e-01
1.175659566553101804e-01
-3.597807321980208140e-01
-1.720995375573845798e-01
-9.082542217892881908e-02
1.852524674961989193e-01
1.960009233310289478e-01
1.799703993826249626e-01
3.336915357185703535e-01
-3.055205968108018824e-02
-1.822984036201325680e-02
2.182727463542800950e-02
3.194608620319087100e-01
2.834326234355918211e-02
-6.773951227573715705e-01
-6.572897366310817557e-02
-6.302392138476076155e-02
-9.505132152090324527e-02
9.736337494475845455e-02
5.396369167881801682e-02
1.955036304347445852e-01
1.620655823595504863e-01
1.735375987641414042e-01
-8.280652994477791240e-02
2.187683033568188218e-01
1.628110861166785217e-01
2.975485408951841770e-01
-6.924368788079604542e-02
4.012004290587080635e-01
3.051694245287897567e-02
1.211640797827378546e-01
8.849144784114947645e-04
-2.131182941743370030e-01
-8.072628942452653167e-02
4.662469718650187889e-01
-2.354077847343386543e-01
3.891138969067415299e-01
4.156206012395159688e-02
7.345341835198042624e-01
3.132034464811440100e-01
7.493969418149280803e-02
-4.948286071664749486e-02
5.995388293988218598e-01
-2.618224776339967211e-02
-7.556760686741841038e-02
1.371492024855951175e-01
-1.864686974555906651e-01
1.595599358225743558e-01
-4.106809823994160835e-01
3.099536011564625881e-01
-7.374084710209063420e-01
1.281110617193374490e-01
1.121034270187151738e-01
1.652868956805331191e-01
-2.276720716416597290e-01
1.806207840458078431e-02
-1.634983819626448787e-01
5.693911902083357429e-02
-1.197566855261411600e-01
1.862991061714834584e-01
-1.021015886575684234e-01
2.786504558746996651e-02
-5.185706955176968419e-02
2.603759687798890554e-01
-1.086286090674619398e-01
2.118654144517042107e-02
-2.365923126925387199e-01
6.207956151113037668e-01
-1.439421714148169940e-01
3.119022469584534392e-03
-7.715065244864030558e-02
-4.137474949603274221e-01
8.768194155307898474e-02
4.254429717011491696e-02
-1.153089205881706186e-01
5.319672471670872094e-02
1.438412218733910175e-01
-7.722558871608114703e-03
1.742722373971083982e-01
-2.966264183563394607e-01
3.374196403842108505e-01
-4.759916697816455461e-02
-4.072817562329835162e-01
5.746218177349417255e-02
1.208662052464285347e-01
1.495727843515068552e-02
6.193034954614680121e-01
-1.549716838193728463e-01
6.560432285097423932e-01
-2.145268106206674880e-02
-2.014517941095477493e-01
1.653703773515109721e-01
4.176800429189521380e-02
2.251471598834330901e-01
-3.798456530639867101e-01
-1.491680151933150456e-01
1.650758150638022559e-01
1.762717582705516373e-01
-9.884414313572181809e-01
-8.658116084330794160e-02
1.809841781355406298e-02
3.650752920747769581e-01
-8.641434541563848271e-01
6.500155962281440880e-01
7.527524309665864499e-02
2.150204157103715111e-02
1.177712326899600370e+00
4.932457025928499994e-01
1.007301369950858838e+00
6.139267474666386393e-03
1.205805145710353576e+00
6.061738640638381082e-01
-1.445952914593465533e+00
-6.958298318538181856e-03
2.771689874276111465e-01
1.661548210089289768e+00
-1.409244885796576474e+00
1.862837855609493498e-02
-1.533012005031062719e+00
-1.845032975757255223e+00
1.369538810546720997e+00
-2.524084301011317658e-02
7.049631814153023424e-01
-4.400783233590077059e-01
9.485234008313052634e-01
-1.444237896092359988e-02
8.652751659904468484e-01
1.022016441190680691e+00
-4.762571718583172853e-01
7.651229321635980019e-02
-9.795997293817211293e-01
-3.737388919171638069e-01
4.896258081215675295e-01
-1.229504075208683461e-01
1.646912899062484836e+00
-3.198743989549038824e-01
-9.237998155139380829e-01
-3.946566553649871745e-02
-1.252539696717911988e-01
6.111783908858047648e-02
-3.634350692438293451e-01
1.419930114212477335e-01
1.562609700043634087e+00
-2.880684615764285139e-01
5.360418301108563766e-01
2.334941896365143599e-01
2.328850945367087366e+00
7.687204053993580422e-01
1.572982549948703790e+00
1.312453170040636941e-01
6.314781372361881751e-01
-2.076089618302904061e+00
1.388985736282168482e+00
-3.424555815168071199e-02
1.716614744261301118e+00
-5.292175925959418104e-01
-1.834783137288461763e+00
-3.109491237747543102e-01
-2.539787569137597512e+00
2.280600354464435764e+00
-3.860461120908484922e-01
3.188015913306284643e-01
-4.781146862056687041e+00
