6.297920166971807121e-02
7.848176641930858233e-02
1.592911063651789028e-01
-1.563343305236408465e-01
6.260952803428714020e-02
-4.160909665379067257e-02
1.836716162032920596e-01
1.703979901062292190e-01
-7.203928082588680060e-02
1.656862812764209048e-01
1.402096132300273967e-01
-2.804186493242661338e-01
-1.846814698299604346e-02
-1.292293287220457054e-01
1.900886003513564126e-01
2.856212346652188261e-01
6.650468721247543291e-02
5.972149401281568598e-02
1.167261851535539713e-01
7.896255872635549178e-02
-1.248901662257712736e-02
-3.839743976257564001e-02
2.072917599789542431e-01
-3.258999721159023255e-01
3.399040407181714296e-01
-1.995431118357142430e-01
7.325074825246156128e-03
3.749955563769032385e-01
-6.241522856131872382e-02
2.396138548407429070e-01
1.280238453299054335e-01
1.266624127281947843e-01
1.471594402918710021e-01
-1.290174640455269972e-01
5.825563345215122729e-02
1.424575380392636703e-01
8.707584501736080618e-02
3.189254235147135907e-01
1.398676506170558609e-01
2.549071124463732074e-01
1.883591673501664246e-02
-2.500052242440665290e-02
8.210627536803709325e-02
2.964672636210771151e-01
3.386624949991168254e-01
2.480244382570351014e-01
3.092822828890549047e-01
5.388924219783424174e-01
2.941857203974201918e-02
7.344154204733993607e-02
1.407500304179881423e-01
4.665054815247274278e-01
2.073592446122917571e-02
-1.855966358299001584e-01
1.251263728602672043e-01
1.700857739502492361e-01
1.919095798078905568e-01
9.498125896236497834e-02
7.886494392311203805e-02
7.266446129212862648e-02
3.757097308147318987e-02
9.237442786750568735e-02
1.951158648585249109e-02
2.300975291127589084e-01
9.508044044204984335e-02
7.575931955611836521e-02
-3.662962350289560715e-02
2.381952510977125015e-01
4.789680796227444026e-01
5.573734109309370632e-01
-1.579846637390575764e-02
-3.816522660039655540e-02
2.294223575877966381e-01
-1.099184208298389642e-01
3.543440933661400755e-02
3.574323663054631561e-01
3.407421081938644125e-02
-1.840158110555707993e-01
1.135437127122901173e-02
-1.681916005715483609e-01
-4.251205462057902618e-02
2.734906610173754582e-01
-5.763611249815702581e-02
2.017482772790961942e-01
-1.405036182530279287e-01
3.785353395834430978e-01
2.077981637161742043e-02
4.138190112659826947e-01
-2.493502241757869498e-01
-9.837839214926260081e-03
1.956422323712517231e-01
3.342800324115743349e-01
2.011163087631152868e-01
4.521351551368454902e-01
2.252335029556135904e-01
8.003679000785106634e-01
1.401234192160948633e-01
-2.051754160344090028e-01
-5.271193733738194307e-04
6.542505956736289763e-01
1.635261555317839843e-01
-1.449317319783359481e-01
1.548201959621818211e-02
-4.483298145409473356e-01
-3.447757667451905456e-02
5.848669751770300129e-01
-1.767532501964974925e-02
6.650129475277853919e-01
2.736907311818711497e-01
-6.868040035172795488e-02
-4.635230874038197453e-03
3.493363634492171466e-01
5.951293719581912667e-01
2.709918537114439085e-01
1.065544776967627255e-02
6.883170992015185119e-01
1.544548915687893598e-01
1.942500263530109739e-01
-9.715679746204075595e-03
-3.347257671069913121e-01
4.357890603530889528e-02
-4.121909922882261434e-01
7.736163238252531660e-02
-9.947298073319174039e-01
-2.224428039282761935e-02
3.539316870548686600e-01
1.653060707083532366e-01
2.930709872590199772e-01
-1.413864183552817344e-01
2.957363136671058851e-02
2.402572903157170481e-01
-5.857213031580782436e-02
2.129433547692263784e-01
6.886683374174659700e-02
2.429473457087509558e-01
-4.288520173645183342e-01
-1.030855627947232095e-01
-1.738497122453952770e-01
1.272556290328198947e-01
5.678101581744288140e-01
1.749129467760826839e-01
4.324355758488556134e-01
3.150888412802168581e-01
1.137415077949545938e-01
-5.734971941389207205e-03
8.114754555015751825e-02
8.598452476706917869e-02
1.368162205738674697e-01
1.858522129782192722e-01
-3.628575434746147271e-02
1.696798716178740951e-01
-4.861739721307397066e-01
-1.460161284452850539e-01
1.864164933285632209e-01
2.342084989112649396e-01
6.306478564398422249e-01
-2.037319973686247676e-01
3.701670375418156939e-02
3.385393915203693260e-01
7.581444765377068906e-01
6.471721176928213470e-01
-2.252646041077330796e-01
4.812679405213420719e-02
3.020990941958681120e-01
-1.039063994610086861e-01
4.113566933285681126e-02
-7.242043965561836827e-02
2.080764922848377108e-01
-7.593192278271576612e-02
-5.432693979841494991e-03
3.064169385066349907e-02
-1.141611648469422979e+00
1.162072204755873334e-01
2.551132223880834826e-01
-2.990756545420768936e-02
-2.340938889026444869e-02
3.925427613573780894e-01
6.448909519708573290e-02
1.496522717593807561e-01
5.187478967039149680e-01
7.224466500243067468e-01
-7.570136006294674313e-01
6.112879767194253321e-03
1.753134925863076288e-01
-4.751668813662450752e-01
1.065203910740208038e+00
1.899719244617182889e-01
-1.519454982979433766e-01
7.947208481894878496e-01
-8.688250590854686983e-01
1.698946412769546197e-03
1.927770933345482662e+00
3.078813242816392792e-01
3.305553722388991367e-01
2.760761098667382889e-03
1.020770782741217353e+00
7.664809196521934487e-01
1.279961893524933503e-01
2.812476600409916441e-02
6.883157229913694497e-01
2.655492085147803660e-01
1.036749362951377984e+00
2.449516876243641728e-01
2.121172950690281223e+00
9.594949405913154594e-01
2.026515582257973624e-01
1.094905549791731769e-01
2.906291832612388770e-01
5.000037568564434931e-01
1.129812963752866217e+00
-1.679832336151279581e-01
-1.658228201237474719e+00
-6.908546436132811941e-01
7.010713557238437144e-01
4.368467170847818992e-01
3.519850013613901929e+00
-9.111280450672674114e-01
-7.750754964723250984e-01
-2.090667971633215216e-01
3.537864792819400250e+00
